[debug] [2025-07-03T00:50:04.493Z] ----------------------------------------------------------------------
[debug] [2025-07-03T00:50:04.495Z] Command:       C:\Program Files\nodejs\node.exe C:\Users\gabri\AppData\Roaming\npm\node_modules\firebase-tools\lib\bin\firebase.js functions:shell
[debug] [2025-07-03T00:50:04.496Z] CLI Version:   13.34.0
[debug] [2025-07-03T00:50:04.496Z] Platform:      win32
[debug] [2025-07-03T00:50:04.496Z] Node Version:  v22.14.0
[debug] [2025-07-03T00:50:04.496Z] Time:          Wed Jul 02 2025 21:50:04 GMT-0300 (Horário Padrão de Brasília)
[debug] [2025-07-03T00:50:04.496Z] ----------------------------------------------------------------------
[debug] 
[debug] [2025-07-03T00:50:04.625Z] Field "/functions" in "firebase.json" is possibly invalid: must be object
[debug] [2025-07-03T00:50:04.625Z] Object "/functions/0" in "firebase.json" has unknown property: {"additionalProperty":"port"}
[debug] [2025-07-03T00:50:04.625Z] Field "/functions" in "firebase.json" is possibly invalid: must match a schema in anyOf
[debug] [2025-07-03T00:50:04.628Z] > command requires scopes: ["email","openid","https://www.googleapis.com/auth/cloudplatformprojects.readonly","https://www.googleapis.com/auth/firebase","https://www.googleapis.com/auth/cloud-platform"]
[debug] [2025-07-03T00:50:04.628Z] > authorizing via signed-in user (gabrielpink@gmail.com)
[debug] [2025-07-03T00:50:04.628Z] [iam] checking project teste-esqueleton-backend for permissions ["firebase.projects.get"]
[debug] [2025-07-03T00:50:04.629Z] Checked if tokens are valid: true, expires at: 1751505005413
[debug] [2025-07-03T00:50:04.629Z] Checked if tokens are valid: true, expires at: 1751505005413
[debug] [2025-07-03T00:50:04.630Z] >>> [apiv2][query] POST https://cloudresourcemanager.googleapis.com/v1/projects/teste-esqueleton-backend:testIamPermissions [none]
[debug] [2025-07-03T00:50:04.630Z] >>> [apiv2][(partial)header] POST https://cloudresourcemanager.googleapis.com/v1/projects/teste-esqueleton-backend:testIamPermissions x-goog-quota-user=projects/teste-esqueleton-backend
[debug] [2025-07-03T00:50:04.630Z] >>> [apiv2][body] POST https://cloudresourcemanager.googleapis.com/v1/projects/teste-esqueleton-backend:testIamPermissions {"permissions":["firebase.projects.get"]}
[debug] [2025-07-03T00:50:05.529Z] <<< [apiv2][status] POST https://cloudresourcemanager.googleapis.com/v1/projects/teste-esqueleton-backend:testIamPermissions 200
[debug] [2025-07-03T00:50:05.530Z] <<< [apiv2][body] POST https://cloudresourcemanager.googleapis.com/v1/projects/teste-esqueleton-backend:testIamPermissions {"permissions":["firebase.projects.get"]}
[debug] [2025-07-03T00:50:05.533Z] [functions] Functions Emulator only supports listening on one address (127.0.0.1). Not listening on ::1
[debug] [2025-07-03T00:50:05.534Z] defaultcredentials: writing to file C:\Users\gabri\AppData\Roaming\firebase\gabrielpink_gmail_com_application_default_credentials.json
[debug] [2025-07-03T00:50:05.536Z] DEBUG: Setting GAC to C:\Users\gabri\AppData\Roaming\firebase\gabrielpink_gmail_com_application_default_credentials.json
[debug] [2025-07-03T00:50:05.536Z] Checked if tokens are valid: true, expires at: 1751505005413
[debug] [2025-07-03T00:50:05.536Z] Checked if tokens are valid: true, expires at: 1751505005413
[debug] [2025-07-03T00:50:05.536Z] >>> [apiv2][query] GET https://firebase.googleapis.com/v1beta1/projects/teste-esqueleton-backend/adminSdkConfig [none]
[debug] [2025-07-03T00:50:05.975Z] <<< [apiv2][status] GET https://firebase.googleapis.com/v1beta1/projects/teste-esqueleton-backend/adminSdkConfig 200
[debug] [2025-07-03T00:50:05.976Z] <<< [apiv2][body] GET https://firebase.googleapis.com/v1beta1/projects/teste-esqueleton-backend/adminSdkConfig {"projectId":"teste-esqueleton-backend","storageBucket":"teste-esqueleton-backend.firebasestorage.app"}
[debug] [2025-07-03T00:50:05.990Z] [functions] Watching "C:\Users\gabri\Development\clean-arch-node-api\functions" for Cloud Functions...
[debug] [2025-07-03T00:50:05.993Z] Validating nodejs source
[warn] !  functions: package.json indicates an outdated version of firebase-functions. Please upgrade using npm install --save firebase-functions@latest in your functions directory. 
[debug] [2025-07-03T00:50:06.870Z] > [functions] package.json contents: {
  "name": "functions",
  "scripts": {
    "lint": "eslint --ext .js,.ts .",
    "build": "tsc",
    "build:watch": "tsc --watch",
    "serve": "npm run build && firebase emulators:start --only functions",
    "shell": "npm run build && firebase functions:shell",
    "start": "npm run shell",
    "deploy": "firebase deploy --only functions",
    "logs": "firebase functions:log"
  },
  "engines": {
    "node": "22"
  },
  "main": "lib/index.js",
  "dependencies": {
    "cors": "^2.8.5",
    "firebase": "^11.1.0",
    "firebase-admin": "^12.1.0",
    "firebase-functions": "^6.2.0",
    "node-mocks-http": "^1.16.2",
    "yup": "^1.6.1"
  },
  "devDependencies": {
    "@typescript-eslint/eslint-plugin": "^5.12.0",
    "@typescript-eslint/parser": "^5.12.0",
    "eslint": "^8.9.0",
    "eslint-config-google": "^0.14.0",
    "eslint-plugin-import": "^2.25.4",
    "firebase-functions-test": "^3.1.0",
    "typescript": "^4.9.0"
  },
  "private": true
}
[debug] [2025-07-03T00:50:06.870Z] Building nodejs source
[debug] [2025-07-03T00:50:06.871Z] Failed to find version of module node: reached end of search path C:\Users\gabri\Development\clean-arch-node-api\functions\node_modules
[info] +  functions: Using node@22 from host. 
[debug] [2025-07-03T00:50:06.878Z] Could not find functions.yaml. Must use http discovery
[debug] [2025-07-03T00:50:06.885Z] Found firebase-functions binary at 'C:\Users\gabri\Development\clean-arch-node-api\functions\node_modules\.bin\firebase-functions'
[info] Serving at port 8032

[debug] [2025-07-03T00:50:10.822Z] Got response from /__/functions.yaml {"endpoints":{"aplication":{"availableMemoryMb":null,"timeoutSeconds":null,"minInstances":null,"maxInstances":null,"ingressSettings":null,"concurrency":null,"serviceAccountEmail":null,"vpc":null,"platform":"gcfv2","labels":{},"httpsTrigger":{},"entryPoint":"aplication"}},"specVersion":"v1alpha1","requiredAPIs":[],"extensions":{}}
[debug] [2025-07-03T00:50:14.851Z] [functions] Loaded functions definitions from source: aplication.
[debug] [2025-07-03T00:50:14.851Z] [functions[us-central1-aplication]] http function initialized (http://127.0.0.1:5005/teste-esqueleton-backend/us-central1/aplication).
[info] i  functions: Loaded functions: aplication 
[warn] !  functions: The following emulators are not running, calls to these services will affect production: firestore, database, pubsub, storage, eventarc, tasks 
[debug] [2025-07-03T00:50:15.573Z] ----------------------------------------------------------------------
[debug] [2025-07-03T00:50:15.576Z] Command:       C:\Program Files\nodejs\node.exe C:\Users\gabri\AppData\Roaming\npm\node_modules\firebase-tools\lib\bin\firebase.js serve
[debug] [2025-07-03T00:50:15.576Z] CLI Version:   13.34.0
[debug] [2025-07-03T00:50:15.576Z] Platform:      win32
[debug] [2025-07-03T00:50:15.576Z] Node Version:  v22.14.0
[debug] [2025-07-03T00:50:15.576Z] Time:          Wed Jul 02 2025 21:50:15 GMT-0300 (Horário Padrão de Brasília)
[debug] [2025-07-03T00:50:15.576Z] ----------------------------------------------------------------------
[debug] 
[debug] [2025-07-03T00:50:15.733Z] Field "/functions" in "firebase.json" is possibly invalid: must be object
[debug] [2025-07-03T00:50:15.733Z] Object "/functions/0" in "firebase.json" has unknown property: {"additionalProperty":"port"}
[debug] [2025-07-03T00:50:15.733Z] Field "/functions" in "firebase.json" is possibly invalid: must match a schema in anyOf
[debug] [2025-07-03T00:50:15.737Z] > command requires scopes: ["email","openid","https://www.googleapis.com/auth/cloudplatformprojects.readonly","https://www.googleapis.com/auth/firebase","https://www.googleapis.com/auth/cloud-platform"]
[debug] [2025-07-03T00:50:15.737Z] > authorizing via signed-in user (gabrielpink@gmail.com)
[debug] [2025-07-03T00:50:15.737Z] [iam] checking project teste-esqueleton-backend for permissions ["firebase.projects.get"]
[debug] [2025-07-03T00:50:15.738Z] Checked if tokens are valid: true, expires at: 1751505005413
[debug] [2025-07-03T00:50:15.738Z] Checked if tokens are valid: true, expires at: 1751505005413
[debug] [2025-07-03T00:50:15.739Z] >>> [apiv2][query] POST https://cloudresourcemanager.googleapis.com/v1/projects/teste-esqueleton-backend:testIamPermissions [none]
[debug] [2025-07-03T00:50:15.739Z] >>> [apiv2][(partial)header] POST https://cloudresourcemanager.googleapis.com/v1/projects/teste-esqueleton-backend:testIamPermissions x-goog-quota-user=projects/teste-esqueleton-backend
[debug] [2025-07-03T00:50:15.739Z] >>> [apiv2][body] POST https://cloudresourcemanager.googleapis.com/v1/projects/teste-esqueleton-backend:testIamPermissions {"permissions":["firebase.projects.get"]}
[debug] [2025-07-03T00:50:16.604Z] <<< [apiv2][status] POST https://cloudresourcemanager.googleapis.com/v1/projects/teste-esqueleton-backend:testIamPermissions 200
[debug] [2025-07-03T00:50:16.604Z] <<< [apiv2][body] POST https://cloudresourcemanager.googleapis.com/v1/projects/teste-esqueleton-backend:testIamPermissions {"permissions":["firebase.projects.get"]}
[debug] [2025-07-03T00:50:16.604Z] Checked if tokens are valid: true, expires at: 1751505005413
[debug] [2025-07-03T00:50:16.604Z] Checked if tokens are valid: true, expires at: 1751505005413
[debug] [2025-07-03T00:50:16.604Z] >>> [apiv2][query] GET https://cloudresourcemanager.googleapis.com/v1/projects/teste-esqueleton-backend [none]
[debug] [2025-07-03T00:50:16.816Z] <<< [apiv2][status] GET https://cloudresourcemanager.googleapis.com/v1/projects/teste-esqueleton-backend 200
[debug] [2025-07-03T00:50:16.817Z] <<< [apiv2][body] GET https://cloudresourcemanager.googleapis.com/v1/projects/teste-esqueleton-backend {"projectNumber":"223168423941","projectId":"teste-esqueleton-backend","lifecycleState":"ACTIVE","name":"Teste esqueleton backend","labels":{"firebase":"enabled"},"createTime":"2024-09-10T17:17:23.004428Z"}
[info] 
[info] === Serving from 'C:\Users\gabri\Development\clean-arch-node-api'...
[info] 
[debug] [2025-07-03T00:50:16.821Z] defaultcredentials: writing to file C:\Users\gabri\AppData\Roaming\firebase\gabrielpink_gmail_com_application_default_credentials.json
[debug] [2025-07-03T00:50:16.822Z] Setting GAC to C:\Users\gabri\AppData\Roaming\firebase\gabrielpink_gmail_com_application_default_credentials.json {"metadata":{"emulator":{"name":"functions"},"message":"Setting GAC to C:\\Users\\gabri\\AppData\\Roaming\\firebase\\gabrielpink_gmail_com_application_default_credentials.json"}}
[debug] [2025-07-03T00:50:16.822Z] Checked if tokens are valid: true, expires at: 1751505005413
[debug] [2025-07-03T00:50:16.822Z] Checked if tokens are valid: true, expires at: 1751505005413
[debug] [2025-07-03T00:50:16.822Z] >>> [apiv2][query] GET https://firebase.googleapis.com/v1beta1/projects/teste-esqueleton-backend/adminSdkConfig [none]
[debug] [2025-07-03T00:50:17.239Z] <<< [apiv2][status] GET https://firebase.googleapis.com/v1beta1/projects/teste-esqueleton-backend/adminSdkConfig 200
[debug] [2025-07-03T00:50:17.239Z] <<< [apiv2][body] GET https://firebase.googleapis.com/v1beta1/projects/teste-esqueleton-backend/adminSdkConfig {"projectId":"teste-esqueleton-backend","storageBucket":"teste-esqueleton-backend.firebasestorage.app"}
[info] i  functions: Watching "C:\Users\gabri\Development\clean-arch-node-api\functions" for Cloud Functions... {"metadata":{"emulator":{"name":"functions"},"message":"Watching \"C:\\Users\\gabri\\Development\\clean-arch-node-api\\functions\" for Cloud Functions..."}}
[debug] [2025-07-03T00:50:17.259Z] Validating nodejs source
[warn] !  functions: package.json indicates an outdated version of firebase-functions. Please upgrade using npm install --save firebase-functions@latest in your functions directory. 
[debug] [2025-07-03T00:50:18.025Z] > [functions] package.json contents: {
  "name": "functions",
  "scripts": {
    "lint": "eslint --ext .js,.ts .",
    "build": "tsc",
    "build:watch": "tsc --watch",
    "serve": "npm run build && firebase emulators:start --only functions",
    "shell": "npm run build && firebase functions:shell",
    "start": "npm run shell",
    "deploy": "firebase deploy --only functions",
    "logs": "firebase functions:log"
  },
  "engines": {
    "node": "22"
  },
  "main": "lib/index.js",
  "dependencies": {
    "cors": "^2.8.5",
    "firebase": "^11.1.0",
    "firebase-admin": "^12.1.0",
    "firebase-functions": "^6.2.0",
    "node-mocks-http": "^1.16.2",
    "yup": "^1.6.1"
  },
  "devDependencies": {
    "@typescript-eslint/eslint-plugin": "^5.12.0",
    "@typescript-eslint/parser": "^5.12.0",
    "eslint": "^8.9.0",
    "eslint-config-google": "^0.14.0",
    "eslint-plugin-import": "^2.25.4",
    "firebase-functions-test": "^3.1.0",
    "typescript": "^4.9.0"
  },
  "private": true
}
[debug] [2025-07-03T00:50:18.025Z] Building nodejs source
[debug] [2025-07-03T00:50:18.026Z] Failed to find version of module node: reached end of search path C:\Users\gabri\Development\clean-arch-node-api\functions\node_modules
[info] +  functions: Using node@22 from host. 
[debug] [2025-07-03T00:50:18.028Z] Could not find functions.yaml. Must use http discovery
[debug] [2025-07-03T00:50:18.034Z] Found firebase-functions binary at 'C:\Users\gabri\Development\clean-arch-node-api\functions\node_modules\.bin\firebase-functions'
[info] Serving at port 8789

[debug] [2025-07-03T00:50:18.639Z] Got response from /__/functions.yaml {"endpoints":{"aplication":{"availableMemoryMb":null,"timeoutSeconds":null,"minInstances":null,"maxInstances":null,"ingressSettings":null,"concurrency":null,"serviceAccountEmail":null,"vpc":null,"platform":"gcfv2","labels":{},"httpsTrigger":{},"entryPoint":"aplication"}},"specVersion":"v1alpha1","requiredAPIs":[],"extensions":{}}
[info] +  functions: Loaded functions definitions from source: aplication. {"metadata":{"emulator":{"name":"functions"},"message":"Loaded functions definitions from source: aplication."}}
[info] +  functions[us-central1-aplication]: http function initialized (http://localhost:5000/teste-esqueleton-backend/us-central1/aplication). {"metadata":{"emulator":{"name":"functions"},"message":"\u001b[1mhttp\u001b[22m function initialized (http://localhost:5000/teste-esqueleton-backend/us-central1/aplication)."}}
[debug] [2025-07-03T00:50:39.673Z] [work-queue] {"queuedWork":["/teste-esqueleton-backend/us-central1/aplication/user-2025-07-03T00:50:39.673Z"],"queueLength":1,"runningWork":[],"workRunningCount":0}
[debug] [2025-07-03T00:50:39.673Z] [work-queue] {"queuedWork":[],"queueLength":0,"runningWork":["/teste-esqueleton-backend/us-central1/aplication/user-2025-07-03T00:50:39.673Z"],"workRunningCount":1}
[debug] [2025-07-03T00:50:39.674Z] Accepted request GET /teste-esqueleton-backend/us-central1/aplication/user --> us-central1-aplication
[debug] [2025-07-03T00:50:39.675Z] [functions] Runtime ready! Sending request! {"metadata":{"emulator":{"name":"functions"},"message":"[functions] Runtime ready! Sending request!"}}
[debug] [2025-07-03T00:50:39.676Z] [functions] Got req.url=/teste-esqueleton-backend/us-central1/aplication/user, mapping to path=/user {"metadata":{"emulator":{"name":"functions"},"message":"[functions] Got req.url=/teste-esqueleton-backend/us-central1/aplication/user, mapping to path=/user"}}
[debug] [2025-07-03T00:50:39.684Z] [worker-pool] addWorker(us-central1-aplication) {"metadata":{"emulator":{"name":"functions"},"message":"[worker-pool] addWorker(us-central1-aplication)"}}
[debug] [2025-07-03T00:50:39.684Z] [worker-pool] Adding worker with key us-central1-aplication, total=1 {"metadata":{"emulator":{"name":"functions"},"message":"[worker-pool] Adding worker with key us-central1-aplication, total=1"}}
[debug] [2025-07-03T00:50:40.801Z] [runtime-status] [3380] Resolved module firebase-admin {"declared":true,"installed":true,"version":"12.7.0","resolution":"C:\\Users\\gabri\\Development\\clean-arch-node-api\\functions\\node_modules\\firebase-admin\\lib\\index.js"} {"metadata":{"emulator":{"name":"functions"},"function":{"name":"us-central1-aplication"},"extension":{},"message":"[runtime-status] [3380] Resolved module firebase-admin {\"declared\":true,\"installed\":true,\"version\":\"12.7.0\",\"resolution\":\"C:\\\\Users\\\\gabri\\\\Development\\\\clean-arch-node-api\\\\functions\\\\node_modules\\\\firebase-admin\\\\lib\\\\index.js\"}"}}
[debug] [2025-07-03T00:50:40.802Z] [runtime-status] [3380] Resolved module firebase-functions {"declared":true,"installed":true,"version":"6.2.0","resolution":"C:\\Users\\gabri\\Development\\clean-arch-node-api\\functions\\node_modules\\firebase-functions\\lib\\v2\\index.js"} {"metadata":{"emulator":{"name":"functions"},"function":{"name":"us-central1-aplication"},"extension":{},"message":"[runtime-status] [3380] Resolved module firebase-functions {\"declared\":true,\"installed\":true,\"version\":\"6.2.0\",\"resolution\":\"C:\\\\Users\\\\gabri\\\\Development\\\\clean-arch-node-api\\\\functions\\\\node_modules\\\\firebase-functions\\\\lib\\\\v2\\\\index.js\"}"}}
[debug] [2025-07-03T00:50:40.802Z] [runtime-status] [3380] Outgoing network have been stubbed. [{"name":"http","status":"mocked"},{"name":"http","status":"mocked"},{"name":"https","status":"mocked"},{"name":"https","status":"mocked"},{"name":"net","status":"mocked"}] {"metadata":{"emulator":{"name":"functions"},"function":{"name":"us-central1-aplication"},"extension":{},"message":"[runtime-status] [3380] Outgoing network have been stubbed. [{\"name\":\"http\",\"status\":\"mocked\"},{\"name\":\"http\",\"status\":\"mocked\"},{\"name\":\"https\",\"status\":\"mocked\"},{\"name\":\"https\",\"status\":\"mocked\"},{\"name\":\"net\",\"status\":\"mocked\"}]"}}
[debug] [2025-07-03T00:50:40.803Z] [runtime-status] [3380] Resolved module firebase-functions {"declared":true,"installed":true,"version":"6.2.0","resolution":"C:\\Users\\gabri\\Development\\clean-arch-node-api\\functions\\node_modules\\firebase-functions\\lib\\v2\\index.js"} {"metadata":{"emulator":{"name":"functions"},"function":{"name":"us-central1-aplication"},"extension":{},"message":"[runtime-status] [3380] Resolved module firebase-functions {\"declared\":true,\"installed\":true,\"version\":\"6.2.0\",\"resolution\":\"C:\\\\Users\\\\gabri\\\\Development\\\\clean-arch-node-api\\\\functions\\\\node_modules\\\\firebase-functions\\\\lib\\\\v2\\\\index.js\"}"}}
[debug] [2025-07-03T00:50:41.094Z] [runtime-status] [3380] Checked functions.config() {"config":{}} {"metadata":{"emulator":{"name":"functions"},"function":{"name":"us-central1-aplication"},"extension":{},"message":"[runtime-status] [3380] Checked functions.config() {\"config\":{}}"}}
[debug] [2025-07-03T00:50:41.095Z] [runtime-status] [3380] firebase-functions has been stubbed. {"functionsResolution":{"declared":true,"installed":true,"version":"6.2.0","resolution":"C:\\Users\\gabri\\Development\\clean-arch-node-api\\functions\\node_modules\\firebase-functions\\lib\\v2\\index.js"}} {"metadata":{"emulator":{"name":"functions"},"function":{"name":"us-central1-aplication"},"extension":{},"message":"[runtime-status] [3380] firebase-functions has been stubbed. {\"functionsResolution\":{\"declared\":true,\"installed\":true,\"version\":\"6.2.0\",\"resolution\":\"C:\\\\Users\\\\gabri\\\\Development\\\\clean-arch-node-api\\\\functions\\\\node_modules\\\\firebase-functions\\\\lib\\\\v2\\\\index.js\"}}"}}
[debug] [2025-07-03T00:50:41.096Z] [runtime-status] [3380] Resolved module firebase-functions {"declared":true,"installed":true,"version":"6.2.0","resolution":"C:\\Users\\gabri\\Development\\clean-arch-node-api\\functions\\node_modules\\firebase-functions\\lib\\v2\\index.js"} {"metadata":{"emulator":{"name":"functions"},"function":{"name":"us-central1-aplication"},"extension":{},"message":"[runtime-status] [3380] Resolved module firebase-functions {\"declared\":true,\"installed\":true,\"version\":\"6.2.0\",\"resolution\":\"C:\\\\Users\\\\gabri\\\\Development\\\\clean-arch-node-api\\\\functions\\\\node_modules\\\\firebase-functions\\\\lib\\\\v2\\\\index.js\"}"}}
[debug] [2025-07-03T00:50:41.113Z] [runtime-status] [3380] Resolved module firebase-admin {"declared":true,"installed":true,"version":"12.7.0","resolution":"C:\\Users\\gabri\\Development\\clean-arch-node-api\\functions\\node_modules\\firebase-admin\\lib\\index.js"} {"metadata":{"emulator":{"name":"functions"},"function":{"name":"us-central1-aplication"},"extension":{},"message":"[runtime-status] [3380] Resolved module firebase-admin {\"declared\":true,\"installed\":true,\"version\":\"12.7.0\",\"resolution\":\"C:\\\\Users\\\\gabri\\\\Development\\\\clean-arch-node-api\\\\functions\\\\node_modules\\\\firebase-admin\\\\lib\\\\index.js\"}"}}
[debug] [2025-07-03T00:50:41.115Z] [runtime-status] [3380] Resolved module firebase-functions {"declared":true,"installed":true,"version":"6.2.0","resolution":"C:\\Users\\gabri\\Development\\clean-arch-node-api\\functions\\node_modules\\firebase-functions\\lib\\v2\\index.js"} {"metadata":{"emulator":{"name":"functions"},"function":{"name":"us-central1-aplication"},"extension":{},"message":"[runtime-status] [3380] Resolved module firebase-functions {\"declared\":true,\"installed\":true,\"version\":\"6.2.0\",\"resolution\":\"C:\\\\Users\\\\gabri\\\\Development\\\\clean-arch-node-api\\\\functions\\\\node_modules\\\\firebase-functions\\\\lib\\\\v2\\\\index.js\"}"}}
[debug] [2025-07-03T00:50:41.115Z] [runtime-status] [3380] firebase-admin has been stubbed. {"adminResolution":{"declared":true,"installed":true,"version":"12.7.0","resolution":"C:\\Users\\gabri\\Development\\clean-arch-node-api\\functions\\node_modules\\firebase-admin\\lib\\index.js"}} {"metadata":{"emulator":{"name":"functions"},"function":{"name":"us-central1-aplication"},"extension":{},"message":"[runtime-status] [3380] firebase-admin has been stubbed. {\"adminResolution\":{\"declared\":true,\"installed\":true,\"version\":\"12.7.0\",\"resolution\":\"C:\\\\Users\\\\gabri\\\\Development\\\\clean-arch-node-api\\\\functions\\\\node_modules\\\\firebase-admin\\\\lib\\\\index.js\"}}"}}
[debug] [2025-07-03T00:50:41.267Z] [runtime-status] [3380] initializeApp(DEFAULT) {"credential":{"implicit":false,"projectId":"teste-esqueleton-backend","privateKey":"-----BEGIN PRIVATE KEY-----\nMIIEvQIBADANBgkqhkiG9w0BAQEFAASCBKcwggSjAgEAAoIBAQC/3RIAZdufRayK\nmBT552WtoWfwiUsZfFOwnwqoMizdRomtQNADgBN0xgve7+qhOPpX/xinR2oviTxz\nZEac3XgcfkBblccaLPRRHQ6nILeoxaDE/oB1Zn68xleZlsbdEJyfJQTBLiP0ZC4x\nak7Qbe0e3wW15UQuStnbRB0n+bDlIjGUgaylCkEwNiSug4TwXzuRV9d4cPyMX2TJ\npBpTnNsIbweo3vbwUiguhJc2sXcES/+RGxilz4XtMNiQCoPxp2YMD6uvuNiVvIPx\nJCgkm3CfqGmEVqlOYDsmQWVCicE6pvk+BkVhIr3gCa1c8zPMFpTlJD3N2EM3K3qX\n5o8uKyFjAgMBAAECggEAMNSLWdWSpUEezjExmX62ho+/O909Y1GcnSWFGVSXzYM/\n0/vcVR+6E+y5pbYq4Xh2YoH2nNBUqp+DZpzdSdwlzx6ks4p1n2hUj/ZUvd1aUNZn\neeuJ9xcsZ1AViG3y091/9xL9WEstdGwww3vabjqj8Ejzk50zkpKTSrZVs1BdoJr3\noZUNC4gmY0kCQRrVrbi2TSUrRw4Jh7bbAZwHT+GJdJElEngzkz/1kftm7g0LmjLA\nMEyVTR77rgMl8S+kafUffGetPJ6HFvVTgVAZpgmQMNieo73b/paFVGJp5860UsEV\nBsSjfEMp772tkHobYYnmWNjP/uJQ0tHrdtjoT5ZWfQKBgQDu5H0imrtnOkHs61sl\nGYD2h4HEq6iUrkAk8Mu56Hs9PKF2SP/0CX/Bds5N7JG0uK2vke4TOc0sRGBLon+2\njd/joNVMi1nlPlIi9sIi1Rpo+kzzrKdaXr9WkPH0yfl7fC25u8qmmoIc0PqvSLCr\nliG7nrBzPLxKmfuu1EGRIg+lXwKBgQDNmmuH/2hmUiT4gMh7dSABbo8ipLwOi4kG\nk2rMq6w4fSRcFXd02t9vQoGPGAM7ZX9pIPAMilM8+z6kyghq/6uVlKSAjO8a6r54\n2ZrwqFAifcUAl5ss8sRXPkhKUdSrazAry9kQzoWVJHW4irT0d4jv+qM0SDdJqHLT\nJIJDwkHefQKBgCX0Dx1sT9G6o7asPbLLNn30UV2ZmBLnDDHSP8utb8bu1wgf2OpA\niBeIdIZUy2FW5eE64gQT7tDVnCboDjpGmAdmCf07NnEBUbNUWMuH58Y93fPovj3R\nR7zNEmO9ovFHbUxQ1YVajsldOjaW6dqY44sXTxk/0PpZNG82MaSJMMspAoGBAMM9\nsoNQvLj9pHH/CWKDVMNHU9EYEiTVyGdgMfjtxPtXiuGO2QM0nRywUQurR9ZtidIx\nHwMpj+XGyDQAToIdC7ldj+Eq9BvhcsKcEZAapQ471Im9bfP/DQez8z3v+z5U6UeN\nqjFVjHCWUNvPjAriQD1zCuwo76eYuIFcl/70R0yZAoGAaNueiY704Z4tQBxaWcXG\ngcJggN+7uEb9GBKCtif7EmoiPCa10l4FKBM7kRCl46jsBHhVjm9PtDUpwO0q8nqG\nu+JOfOG2yO+tJQx/PL3Cwk0pYY8W9k+bvbbc7ELN6t1S0i2C8cJ7xFZN91FZ4H+Q\nQsD6o0hKELhecfF4nL9OMls=\n-----END PRIVATE KEY-----\n","clientEmail":"firebase-adminsdk-f1lva@teste-esqueleton-backend.iam.gserviceaccount.com","httpClient":{"retry":{"maxRetries":4,"statusCodes":[503],"ioErrorCodes":["ECONNRESET","ETIMEDOUT"],"backOffFactor":0.5,"maxDelayInMillis":60000}}}} {"metadata":{"emulator":{"name":"functions"},"function":{"name":"us-central1-aplication"},"extension":{},"message":"[runtime-status] [3380] initializeApp(DEFAULT) {\"credential\":{\"implicit\":false,\"projectId\":\"teste-esqueleton-backend\",\"privateKey\":\"-----BEGIN PRIVATE KEY-----\\nMIIEvQIBADANBgkqhkiG9w0BAQEFAASCBKcwggSjAgEAAoIBAQC/3RIAZdufRayK\\nmBT552WtoWfwiUsZfFOwnwqoMizdRomtQNADgBN0xgve7+qhOPpX/xinR2oviTxz\\nZEac3XgcfkBblccaLPRRHQ6nILeoxaDE/oB1Zn68xleZlsbdEJyfJQTBLiP0ZC4x\\nak7Qbe0e3wW15UQuStnbRB0n+bDlIjGUgaylCkEwNiSug4TwXzuRV9d4cPyMX2TJ\\npBpTnNsIbweo3vbwUiguhJc2sXcES/+RGxilz4XtMNiQCoPxp2YMD6uvuNiVvIPx\\nJCgkm3CfqGmEVqlOYDsmQWVCicE6pvk+BkVhIr3gCa1c8zPMFpTlJD3N2EM3K3qX\\n5o8uKyFjAgMBAAECggEAMNSLWdWSpUEezjExmX62ho+/O909Y1GcnSWFGVSXzYM/\\n0/vcVR+6E+y5pbYq4Xh2YoH2nNBUqp+DZpzdSdwlzx6ks4p1n2hUj/ZUvd1aUNZn\\neeuJ9xcsZ1AViG3y091/9xL9WEstdGwww3vabjqj8Ejzk50zkpKTSrZVs1BdoJr3\\noZUNC4gmY0kCQRrVrbi2TSUrRw4Jh7bbAZwHT+GJdJElEngzkz/1kftm7g0LmjLA\\nMEyVTR77rgMl8S+kafUffGetPJ6HFvVTgVAZpgmQMNieo73b/paFVGJp5860UsEV\\nBsSjfEMp772tkHobYYnmWNjP/uJQ0tHrdtjoT5ZWfQKBgQDu5H0imrtnOkHs61sl\\nGYD2h4HEq6iUrkAk8Mu56Hs9PKF2SP/0CX/Bds5N7JG0uK2vke4TOc0sRGBLon+2\\njd/joNVMi1nlPlIi9sIi1Rpo+kzzrKdaXr9WkPH0yfl7fC25u8qmmoIc0PqvSLCr\\nliG7nrBzPLxKmfuu1EGRIg+lXwKBgQDNmmuH/2hmUiT4gMh7dSABbo8ipLwOi4kG\\nk2rMq6w4fSRcFXd02t9vQoGPGAM7ZX9pIPAMilM8+z6kyghq/6uVlKSAjO8a6r54\\n2ZrwqFAifcUAl5ss8sRXPkhKUdSrazAry9kQzoWVJHW4irT0d4jv+qM0SDdJqHLT\\nJIJDwkHefQKBgCX0Dx1sT9G6o7asPbLLNn30UV2ZmBLnDDHSP8utb8bu1wgf2OpA\\niBeIdIZUy2FW5eE64gQT7tDVnCboDjpGmAdmCf07NnEBUbNUWMuH58Y93fPovj3R\\nR7zNEmO9ovFHbUxQ1YVajsldOjaW6dqY44sXTxk/0PpZNG82MaSJMMspAoGBAMM9\\nsoNQvLj9pHH/CWKDVMNHU9EYEiTVyGdgMfjtxPtXiuGO2QM0nRywUQurR9ZtidIx\\nHwMpj+XGyDQAToIdC7ldj+Eq9BvhcsKcEZAapQ471Im9bfP/DQez8z3v+z5U6UeN\\nqjFVjHCWUNvPjAriQD1zCuwo76eYuIFcl/70R0yZAoGAaNueiY704Z4tQBxaWcXG\\ngcJggN+7uEb9GBKCtif7EmoiPCa10l4FKBM7kRCl46jsBHhVjm9PtDUpwO0q8nqG\\nu+JOfOG2yO+tJQx/PL3Cwk0pYY8W9k+bvbbc7ELN6t1S0i2C8cJ7xFZN91FZ4H+Q\\nQsD6o0hKELhecfF4nL9OMls=\\n-----END PRIVATE KEY-----\\n\",\"clientEmail\":\"firebase-adminsdk-f1lva@teste-esqueleton-backend.iam.gserviceaccount.com\",\"httpClient\":{\"retry\":{\"maxRetries\":4,\"statusCodes\":[503],\"ioErrorCodes\":[\"ECONNRESET\",\"ETIMEDOUT\"],\"backOffFactor\":0.5,\"maxDelayInMillis\":60000}}}}"}}
[warn] !  functions: The Cloud Firestore emulator is not running, so calls to Firestore will affect production. {"metadata":{"emulator":{"name":"functions"},"function":{"name":"us-central1-aplication"},"extension":{},"message":"The Cloud Firestore emulator is not running, so calls to Firestore will affect production."}}
[debug] [2025-07-03T00:50:41.274Z] [runtime-status] [3380] Functions runtime initialized. {"cwd":"C:\\Users\\gabri\\Development\\clean-arch-node-api\\functions","node_version":"22.14.0"} {"metadata":{"emulator":{"name":"functions"},"function":{"name":"us-central1-aplication"},"extension":{},"message":"[runtime-status] [3380] Functions runtime initialized. {\"cwd\":\"C:\\\\Users\\\\gabri\\\\Development\\\\clean-arch-node-api\\\\functions\",\"node_version\":\"22.14.0\"}"}}
[debug] [2025-07-03T00:50:41.274Z] [runtime-status] [3380] Listening to port: \\?\pipe\fire_emu_ef73a86ae1c81f5e {"metadata":{"emulator":{"name":"functions"},"function":{"name":"us-central1-aplication"},"extension":{},"message":"[runtime-status] [3380] Listening to port: \\\\?\\pipe\\fire_emu_ef73a86ae1c81f5e"}}
[debug] [2025-07-03T00:50:41.317Z] [worker-us-central1-aplication-85de7779-ebcb-403b-a678-8bf791756cd5]: IDLE {"metadata":{"emulator":{"name":"functions"},"function":{"name":"us-central1-aplication"},"extension":{},"message":"[worker-us-central1-aplication-85de7779-ebcb-403b-a678-8bf791756cd5]: IDLE"}}
[debug] [2025-07-03T00:50:41.317Z] [worker-pool] submitRequest(triggerId=us-central1-aplication) {"metadata":{"emulator":{"name":"functions"},"message":"[worker-pool] submitRequest(triggerId=us-central1-aplication)"}}
[info] i  functions: Beginning execution of "us-central1-aplication" {"metadata":{"emulator":{"name":"functions"},"function":{"name":"us-central1-aplication"},"extension":{},"message":"Beginning execution of \"us-central1-aplication\""}}
[debug] [2025-07-03T00:50:41.318Z] [worker-us-central1-aplication-85de7779-ebcb-403b-a678-8bf791756cd5]: BUSY {"metadata":{"emulator":{"name":"functions"},"function":{"name":"us-central1-aplication"},"extension":{},"message":"[worker-us-central1-aplication-85de7779-ebcb-403b-a678-8bf791756cd5]: BUSY"}}
[warn] !  Google API requested!
   - URL: "https://oauth2.googleapis.com/token"
   - Be careful, this may be a production service. {"metadata":{"emulator":{"name":"functions"},"function":{"name":"us-central1-aplication"},"extension":{},"message":"Google API requested!\n   - URL: \"https://oauth2.googleapis.com/token\"\n   - Be careful, this may be a production service."}}
[debug] [2025-07-03T00:50:43.189Z] Finishing up request with event=pause {"metadata":{"emulator":{"name":"functions"},"function":{"name":"us-central1-aplication"},"extension":{},"message":"Finishing up request with event=pause"}}
[info] i  functions: Finished "us-central1-aplication" in 1871.2910000000002ms {"metadata":{"emulator":{"name":"functions"},"function":{"name":"us-central1-aplication"},"extension":{},"message":"Finished \"us-central1-aplication\" in 1871.2910000000002ms"}}
[debug] [2025-07-03T00:50:43.190Z] [worker-us-central1-aplication-85de7779-ebcb-403b-a678-8bf791756cd5]: IDLE {"metadata":{"emulator":{"name":"functions"},"function":{"name":"us-central1-aplication"},"extension":{},"message":"[worker-us-central1-aplication-85de7779-ebcb-403b-a678-8bf791756cd5]: IDLE"}}
[debug] [2025-07-03T00:50:43.190Z] Finishing up request with event=finish {"metadata":{"emulator":{"name":"functions"},"function":{"name":"us-central1-aplication"},"extension":{},"message":"Finishing up request with event=finish"}}
[debug] [2025-07-03T00:50:43.190Z] Finishing up request with event=close {"metadata":{"emulator":{"name":"functions"},"function":{"name":"us-central1-aplication"},"extension":{},"message":"Finishing up request with event=close"}}
[debug] [2025-07-03T00:50:43.190Z] [work-queue] {"queuedWork":[],"queueLength":0,"runningWork":[],"workRunningCount":0}
[debug] [2025-07-03T00:50:48.748Z] [work-queue] {"queuedWork":["/teste-esqueleton-backend/us-central1/aplication/user/-2025-07-03T00:50:48.748Z"],"queueLength":1,"runningWork":[],"workRunningCount":0}
[debug] [2025-07-03T00:50:48.748Z] [work-queue] {"queuedWork":[],"queueLength":0,"runningWork":["/teste-esqueleton-backend/us-central1/aplication/user/-2025-07-03T00:50:48.748Z"],"workRunningCount":1}
[debug] [2025-07-03T00:50:48.748Z] Accepted request POST /teste-esqueleton-backend/us-central1/aplication/user/ --> us-central1-aplication
[debug] [2025-07-03T00:50:48.750Z] [functions] Runtime ready! Sending request! {"metadata":{"emulator":{"name":"functions"},"message":"[functions] Runtime ready! Sending request!"}}
[debug] [2025-07-03T00:50:48.750Z] [functions] Got req.url=/teste-esqueleton-backend/us-central1/aplication/user/, mapping to path=/user/ {"metadata":{"emulator":{"name":"functions"},"message":"[functions] Got req.url=/teste-esqueleton-backend/us-central1/aplication/user/, mapping to path=/user/"}}
[debug] [2025-07-03T00:50:48.750Z] [worker-pool] submitRequest(triggerId=us-central1-aplication) {"metadata":{"emulator":{"name":"functions"},"message":"[worker-pool] submitRequest(triggerId=us-central1-aplication)"}}
[info] i  functions: Beginning execution of "us-central1-aplication" {"metadata":{"emulator":{"name":"functions"},"function":{"name":"us-central1-aplication"},"extension":{},"message":"Beginning execution of \"us-central1-aplication\""}}
[debug] [2025-07-03T00:50:48.752Z] [worker-us-central1-aplication-85de7779-ebcb-403b-a678-8bf791756cd5]: BUSY {"metadata":{"emulator":{"name":"functions"},"function":{"name":"us-central1-aplication"},"extension":{},"message":"[worker-us-central1-aplication-85de7779-ebcb-403b-a678-8bf791756cd5]: BUSY"}}
[info] >  req.body { {"user":"req.body {","metadata":{"emulator":{"name":"functions"},"function":{"name":"us-central1-aplication"},"extension":{},"message":"\u001b[90m> \u001b[39m req.body {"}}
[info] >    name: 'Planta Teste', {"user":"  name: 'Planta Teste',","metadata":{"emulator":{"name":"functions"},"function":{"name":"us-central1-aplication"},"extension":{},"message":"\u001b[90m> \u001b[39m   name: 'Planta Teste',"}}
[info] >    lastName: 'da planta teste', {"user":"  lastName: 'da planta teste',","metadata":{"emulator":{"name":"functions"},"function":{"name":"us-central1-aplication"},"extension":{},"message":"\u001b[90m> \u001b[39m   lastName: 'da planta teste',"}}
[info] >    birthdate: '02/04/1992', {"user":"  birthdate: '02/04/1992',","metadata":{"emulator":{"name":"functions"},"function":{"name":"us-central1-aplication"},"extension":{},"message":"\u001b[90m> \u001b[39m   birthdate: '02/04/1992',"}}
[info] >    cpf: '405.967.938-04', {"user":"  cpf: '405.967.938-04',","metadata":{"emulator":{"name":"functions"},"function":{"name":"us-central1-aplication"},"extension":{},"message":"\u001b[90m> \u001b[39m   cpf: '405.967.938-04',"}}
[info] >    email: 'gabriel@gmail.com', {"user":"  email: 'gabriel@gmail.com',","metadata":{"emulator":{"name":"functions"},"function":{"name":"us-central1-aplication"},"extension":{},"message":"\u001b[90m> \u001b[39m   email: 'gabriel@gmail.com',"}}
[info] >    address: { {"user":"  address: {","metadata":{"emulator":{"name":"functions"},"function":{"name":"us-central1-aplication"},"extension":{},"message":"\u001b[90m> \u001b[39m   address: {"}}
[info] >      street: 'rua teste', {"user":"    street: 'rua teste',","metadata":{"emulator":{"name":"functions"},"function":{"name":"us-central1-aplication"},"extension":{},"message":"\u001b[90m> \u001b[39m     street: 'rua teste',"}}
[info] >      complement: 'apto 1', {"user":"    complement: 'apto 1',","metadata":{"emulator":{"name":"functions"},"function":{"name":"us-central1-aplication"},"extension":{},"message":"\u001b[90m> \u001b[39m     complement: 'apto 1',"}}
[info] >      numberHome: '123', {"user":"    numberHome: '123',","metadata":{"emulator":{"name":"functions"},"function":{"name":"us-central1-aplication"},"extension":{},"message":"\u001b[90m> \u001b[39m     numberHome: '123',"}}
[info] >      district: 'bairro teste', {"user":"    district: 'bairro teste',","metadata":{"emulator":{"name":"functions"},"function":{"name":"us-central1-aplication"},"extension":{},"message":"\u001b[90m> \u001b[39m     district: 'bairro teste',"}}
[info] >      state: 'sp', {"user":"    state: 'sp',","metadata":{"emulator":{"name":"functions"},"function":{"name":"us-central1-aplication"},"extension":{},"message":"\u001b[90m> \u001b[39m     state: 'sp',"}}
[info] >      city: 'são paulo', {"user":"    city: 'são paulo',","metadata":{"emulator":{"name":"functions"},"function":{"name":"us-central1-aplication"},"extension":{},"message":"\u001b[90m> \u001b[39m     city: 'são paulo',"}}
[info] >      country: 'brasil' {"user":"    country: 'brasil'","metadata":{"emulator":{"name":"functions"},"function":{"name":"us-central1-aplication"},"extension":{},"message":"\u001b[90m> \u001b[39m     country: 'brasil'"}}
[info] >    }, {"user":"  },","metadata":{"emulator":{"name":"functions"},"function":{"name":"us-central1-aplication"},"extension":{},"message":"\u001b[90m> \u001b[39m   },"}}
[info] >    typeUser: 'User' {"user":"  typeUser: 'User'","metadata":{"emulator":{"name":"functions"},"function":{"name":"us-central1-aplication"},"extension":{},"message":"\u001b[90m> \u001b[39m   typeUser: 'User'"}}
[info] >  } {"user":"}","metadata":{"emulator":{"name":"functions"},"function":{"name":"us-central1-aplication"},"extension":{},"message":"\u001b[90m> \u001b[39m }"}}
[debug] [2025-07-03T00:50:48.919Z] Finishing up request with event=pause {"metadata":{"emulator":{"name":"functions"},"function":{"name":"us-central1-aplication"},"extension":{},"message":"Finishing up request with event=pause"}}
[info] i  functions: Finished "us-central1-aplication" in 167.02ms {"metadata":{"emulator":{"name":"functions"},"function":{"name":"us-central1-aplication"},"extension":{},"message":"Finished \"us-central1-aplication\" in 167.02ms"}}
[debug] [2025-07-03T00:50:48.919Z] [worker-us-central1-aplication-85de7779-ebcb-403b-a678-8bf791756cd5]: IDLE {"metadata":{"emulator":{"name":"functions"},"function":{"name":"us-central1-aplication"},"extension":{},"message":"[worker-us-central1-aplication-85de7779-ebcb-403b-a678-8bf791756cd5]: IDLE"}}
[debug] [2025-07-03T00:50:48.919Z] Finishing up request with event=finish {"metadata":{"emulator":{"name":"functions"},"function":{"name":"us-central1-aplication"},"extension":{},"message":"Finishing up request with event=finish"}}
[debug] [2025-07-03T00:50:48.919Z] Finishing up request with event=close {"metadata":{"emulator":{"name":"functions"},"function":{"name":"us-central1-aplication"},"extension":{},"message":"Finishing up request with event=close"}}
[debug] [2025-07-03T00:50:48.920Z] [work-queue] {"queuedWork":[],"queueLength":0,"runningWork":[],"workRunningCount":0}
[debug] [2025-07-03T00:50:52.396Z] [work-queue] {"queuedWork":["/teste-esqueleton-backend/us-central1/aplication/user-2025-07-03T00:50:52.395Z"],"queueLength":1,"runningWork":[],"workRunningCount":0}
[debug] [2025-07-03T00:50:52.396Z] [work-queue] {"queuedWork":[],"queueLength":0,"runningWork":["/teste-esqueleton-backend/us-central1/aplication/user-2025-07-03T00:50:52.395Z"],"workRunningCount":1}
[debug] [2025-07-03T00:50:52.396Z] Accepted request GET /teste-esqueleton-backend/us-central1/aplication/user --> us-central1-aplication
[debug] [2025-07-03T00:50:52.397Z] [functions] Runtime ready! Sending request! {"metadata":{"emulator":{"name":"functions"},"message":"[functions] Runtime ready! Sending request!"}}
[debug] [2025-07-03T00:50:52.397Z] [functions] Got req.url=/teste-esqueleton-backend/us-central1/aplication/user, mapping to path=/user {"metadata":{"emulator":{"name":"functions"},"message":"[functions] Got req.url=/teste-esqueleton-backend/us-central1/aplication/user, mapping to path=/user"}}
[debug] [2025-07-03T00:50:52.399Z] [worker-pool] submitRequest(triggerId=us-central1-aplication) {"metadata":{"emulator":{"name":"functions"},"message":"[worker-pool] submitRequest(triggerId=us-central1-aplication)"}}
[info] i  functions: Beginning execution of "us-central1-aplication" {"metadata":{"emulator":{"name":"functions"},"function":{"name":"us-central1-aplication"},"extension":{},"message":"Beginning execution of \"us-central1-aplication\""}}
[debug] [2025-07-03T00:50:52.399Z] [worker-us-central1-aplication-85de7779-ebcb-403b-a678-8bf791756cd5]: BUSY {"metadata":{"emulator":{"name":"functions"},"function":{"name":"us-central1-aplication"},"extension":{},"message":"[worker-us-central1-aplication-85de7779-ebcb-403b-a678-8bf791756cd5]: BUSY"}}
[debug] [2025-07-03T00:50:52.522Z] Finishing up request with event=pause {"metadata":{"emulator":{"name":"functions"},"function":{"name":"us-central1-aplication"},"extension":{},"message":"Finishing up request with event=pause"}}
[info] i  functions: Finished "us-central1-aplication" in 123.057ms {"metadata":{"emulator":{"name":"functions"},"function":{"name":"us-central1-aplication"},"extension":{},"message":"Finished \"us-central1-aplication\" in 123.057ms"}}
[debug] [2025-07-03T00:50:52.523Z] [worker-us-central1-aplication-85de7779-ebcb-403b-a678-8bf791756cd5]: IDLE {"metadata":{"emulator":{"name":"functions"},"function":{"name":"us-central1-aplication"},"extension":{},"message":"[worker-us-central1-aplication-85de7779-ebcb-403b-a678-8bf791756cd5]: IDLE"}}
[debug] [2025-07-03T00:50:52.523Z] Finishing up request with event=finish {"metadata":{"emulator":{"name":"functions"},"function":{"name":"us-central1-aplication"},"extension":{},"message":"Finishing up request with event=finish"}}
[debug] [2025-07-03T00:50:52.523Z] Finishing up request with event=close {"metadata":{"emulator":{"name":"functions"},"function":{"name":"us-central1-aplication"},"extension":{},"message":"Finishing up request with event=close"}}
[debug] [2025-07-03T00:50:52.523Z] [work-queue] {"queuedWork":[],"queueLength":0,"runningWork":[],"workRunningCount":0}
[debug] [2025-07-03T00:52:18.036Z] File C:\Users\gabri\Development\clean-arch-node-api\functions\lib\usecase\plant\read\read-plant-dto.js changed, reloading triggers {"metadata":{"emulator":{"name":"functions"},"message":"File C:\\Users\\gabri\\Development\\clean-arch-node-api\\functions\\lib\\usecase\\plant\\read\\read-plant-dto.js changed, reloading triggers"}}
[debug] [2025-07-03T00:52:18.038Z] DEBUG: File C:\Users\gabri\Development\clean-arch-node-api\functions\lib\usecase\plant\read\read-plant-dto.js changed, reloading triggers
[debug] [2025-07-03T00:52:19.040Z] Validating nodejs source
[debug] [2025-07-03T00:52:19.039Z] Validating nodejs source
[warn] !  functions: package.json indicates an outdated version of firebase-functions. Please upgrade using npm install --save firebase-functions@latest in your functions directory. 
[debug] [2025-07-03T00:52:19.936Z] > [functions] package.json contents: {
  "name": "functions",
  "scripts": {
    "lint": "eslint --ext .js,.ts .",
    "build": "tsc",
    "build:watch": "tsc --watch",
    "serve": "npm run build && firebase emulators:start --only functions",
    "shell": "npm run build && firebase functions:shell",
    "start": "npm run shell",
    "deploy": "firebase deploy --only functions",
    "logs": "firebase functions:log"
  },
  "engines": {
    "node": "22"
  },
  "main": "lib/index.js",
  "dependencies": {
    "cors": "^2.8.5",
    "firebase": "^11.1.0",
    "firebase-admin": "^12.1.0",
    "firebase-functions": "^6.2.0",
    "node-mocks-http": "^1.16.2",
    "yup": "^1.6.1"
  },
  "devDependencies": {
    "@typescript-eslint/eslint-plugin": "^5.12.0",
    "@typescript-eslint/parser": "^5.12.0",
    "eslint": "^8.9.0",
    "eslint-config-google": "^0.14.0",
    "eslint-plugin-import": "^2.25.4",
    "firebase-functions-test": "^3.1.0",
    "typescript": "^4.9.0"
  },
  "private": true
}
[debug] [2025-07-03T00:52:19.936Z] Building nodejs source
[debug] [2025-07-03T00:52:19.936Z] Failed to find version of module node: reached end of search path C:\Users\gabri\Development\clean-arch-node-api\functions\node_modules
[info] +  functions: Using node@22 from host. 
[debug] [2025-07-03T00:52:19.937Z] Could not find functions.yaml. Must use http discovery
[debug] [2025-07-03T00:52:19.943Z] Found firebase-functions binary at 'C:\Users\gabri\Development\clean-arch-node-api\functions\node_modules\.bin\firebase-functions'
[info] Serving at port 8304

[warn] !  functions: package.json indicates an outdated version of firebase-functions. Please upgrade using npm install --save firebase-functions@latest in your functions directory. 
[debug] [2025-07-03T00:52:20.388Z] > [functions] package.json contents: {
  "name": "functions",
  "scripts": {
    "lint": "eslint --ext .js,.ts .",
    "build": "tsc",
    "build:watch": "tsc --watch",
    "serve": "npm run build && firebase emulators:start --only functions",
    "shell": "npm run build && firebase functions:shell",
    "start": "npm run shell",
    "deploy": "firebase deploy --only functions",
    "logs": "firebase functions:log"
  },
  "engines": {
    "node": "22"
  },
  "main": "lib/index.js",
  "dependencies": {
    "cors": "^2.8.5",
    "firebase": "^11.1.0",
    "firebase-admin": "^12.1.0",
    "firebase-functions": "^6.2.0",
    "node-mocks-http": "^1.16.2",
    "yup": "^1.6.1"
  },
  "devDependencies": {
    "@typescript-eslint/eslint-plugin": "^5.12.0",
    "@typescript-eslint/parser": "^5.12.0",
    "eslint": "^8.9.0",
    "eslint-config-google": "^0.14.0",
    "eslint-plugin-import": "^2.25.4",
    "firebase-functions-test": "^3.1.0",
    "typescript": "^4.9.0"
  },
  "private": true
}
[debug] [2025-07-03T00:52:20.388Z] Building nodejs source
[debug] [2025-07-03T00:52:20.388Z] Failed to find version of module node: reached end of search path C:\Users\gabri\Development\clean-arch-node-api\functions\node_modules
[info] +  functions: Using node@22 from host. 
[debug] [2025-07-03T00:52:20.390Z] Could not find functions.yaml. Must use http discovery
[debug] [2025-07-03T00:52:20.395Z] Found firebase-functions binary at 'C:\Users\gabri\Development\clean-arch-node-api\functions\node_modules\.bin\firebase-functions'
[debug] [2025-07-03T00:52:20.584Z] Got response from /__/functions.yaml {"endpoints":{"aplication":{"availableMemoryMb":null,"timeoutSeconds":null,"minInstances":null,"maxInstances":null,"ingressSettings":null,"concurrency":null,"serviceAccountEmail":null,"vpc":null,"platform":"gcfv2","labels":{},"httpsTrigger":{},"entryPoint":"aplication"}},"specVersion":"v1alpha1","requiredAPIs":[],"extensions":{}}
[info] Serving at port 8858

[debug] [2025-07-03T00:52:21.020Z] Got response from /__/functions.yaml {"endpoints":{"aplication":{"availableMemoryMb":null,"timeoutSeconds":null,"minInstances":null,"maxInstances":null,"ingressSettings":null,"concurrency":null,"serviceAccountEmail":null,"vpc":null,"platform":"gcfv2","labels":{},"httpsTrigger":{},"entryPoint":"aplication"}},"specVersion":"v1alpha1","requiredAPIs":[],"extensions":{}}
[debug] [2025-07-03T00:52:24.614Z] [functions] Loaded functions definitions from source: aplication.
[info] +  functions: Loaded functions definitions from source: aplication. {"metadata":{"emulator":{"name":"functions"},"message":"Loaded functions definitions from source: aplication."}}
[debug] [2025-07-03T00:52:25.063Z] [worker-pool] Shutting down IDLE worker (us-central1-aplication) {"metadata":{"emulator":{"name":"functions"},"message":"[worker-pool] Shutting down IDLE worker (us-central1-aplication)"}}
[debug] [2025-07-03T00:52:25.063Z] [worker-us-central1-aplication-85de7779-ebcb-403b-a678-8bf791756cd5]: FINISHING {"metadata":{"emulator":{"name":"functions"},"function":{"name":"us-central1-aplication"},"extension":{},"message":"[worker-us-central1-aplication-85de7779-ebcb-403b-a678-8bf791756cd5]: FINISHING"}}
[debug] [2025-07-03T00:52:25.074Z] [worker-us-central1-aplication-85de7779-ebcb-403b-a678-8bf791756cd5]: exited {"metadata":{"emulator":{"name":"functions"},"function":{"name":"us-central1-aplication"},"extension":{},"message":"[worker-us-central1-aplication-85de7779-ebcb-403b-a678-8bf791756cd5]: exited"}}
[debug] [2025-07-03T00:52:25.075Z] [worker-us-central1-aplication-85de7779-ebcb-403b-a678-8bf791756cd5]: FINISHED {"metadata":{"emulator":{"name":"functions"},"function":{"name":"us-central1-aplication"},"extension":{},"message":"[worker-us-central1-aplication-85de7779-ebcb-403b-a678-8bf791756cd5]: FINISHED"}}
